<?xml version="1.0" encoding="UTF-8"?>
<testng-results skipped="0" failed="0" ignored="0" total="1" passed="1">
  <reporter-output>
  </reporter-output>
  <suite name="Default suite" duration-ms="40374" started-at="2018-09-09T05:40:02Z" finished-at="2018-09-09T05:40:42Z">
    <groups>
    </groups>
    <test name="Default test" duration-ms="40374" started-at="2018-09-09T05:40:02Z" finished-at="2018-09-09T05:40:42Z">
      <class name="tests.Testcase">
        <test-method status="PASS" signature="startResult()[pri:0, instance:tests.Testcase@71423665]" name="startResult" is-config="true" duration-ms="1117" started-at="2018-09-09T05:40:00Z" finished-at="2018-09-09T05:40:02Z">
          <reporter-output>
          </reporter-output>
        </test-method> <!-- startResult -->
        <test-method status="PASS" signature="setData()[pri:0, instance:tests.Testcase@71423665]" name="setData" is-config="true" duration-ms="2" started-at="2018-09-09T05:40:02Z" finished-at="2018-09-09T05:40:02Z">
          <reporter-output>
          </reporter-output>
        </test-method> <!-- setData -->
        <test-method status="PASS" signature="startTestCase()[pri:0, instance:tests.Testcase@71423665]" name="startTestCase" is-config="true" duration-ms="18" started-at="2018-09-09T05:40:02Z" finished-at="2018-09-09T05:40:02Z">
          <reporter-output>
          </reporter-output>
        </test-method> <!-- startTestCase -->
        <test-method status="PASS" signature="login()[pri:0, instance:tests.Testcase@71423665]" name="login" is-config="true" duration-ms="9788" started-at="2018-09-09T05:40:02Z" finished-at="2018-09-09T05:40:11Z">
          <reporter-output>
          </reporter-output>
        </test-method> <!-- login -->
        <test-method status="PASS" signature="test()[pri:0, instance:tests.Testcase@71423665]" name="test" duration-ms="30515" started-at="2018-09-09T05:40:11Z" finished-at="2018-09-09T05:40:42Z">
          <reporter-output>
          </reporter-output>
        </test-method> <!-- test -->
        <test-method status="PASS" signature="stopResult()[pri:0, instance:tests.Testcase@71423665]" name="stopResult" is-config="true" duration-ms="1059" started-at="2018-09-09T05:40:42Z" finished-at="2018-09-09T05:40:43Z">
          <reporter-output>
          </reporter-output>
        </test-method> <!-- stopResult -->
      </class> <!-- tests.Testcase -->
    </test> <!-- Default test -->
  </suite> <!-- Default suite -->
</testng-results>
